<?xml version="1.0" encoding="UTF-8"?>
<testng-results skipped="0" failed="0" ignored="0" total="4" passed="4">
  <reporter-output>
  </reporter-output>
  <suite name="Suite" duration-ms="1646" started-at="2021-12-26T14:18:23Z" finished-at="2021-12-26T14:18:24Z">
    <groups>
    </groups>
    <test name="Test" duration-ms="1646" started-at="2021-12-26T14:18:23Z" finished-at="2021-12-26T14:18:24Z">
      <class name="org.testing.TestScripts.TC4">
        <test-method status="PASS" signature="testCase4()[pri:0, instance:org.testing.TestScripts.TC4@5ea434c8]" name="testCase4" duration-ms="54" started-at="2021-12-26T19:48:24Z" finished-at="2021-12-26T19:48:24Z">
          <reporter-output>
          </reporter-output>
        </test-method> <!-- testCase4 -->
      </class> <!-- org.testing.TestScripts.TC4 -->
      <class name="org.testing.TestScripts.TC3">
        <test-method status="PASS" signature="testCase3()[pri:0, instance:org.testing.TestScripts.TC3@5d47c63f]" name="testCase3" duration-ms="48" started-at="2021-12-26T19:48:24Z" finished-at="2021-12-26T19:48:24Z">
          <reporter-output>
          </reporter-output>
        </test-method> <!-- testCase3 -->
      </class> <!-- org.testing.TestScripts.TC3 -->
      <class name="org.testing.TestScripts.TC2">
        <test-method status="PASS" signature="testCase2()[pri:0, instance:org.testing.TestScripts.TC2@67e2d983]" name="testCase2" duration-ms="368" started-at="2021-12-26T19:48:24Z" finished-at="2021-12-26T19:48:24Z">
          <reporter-output>
          </reporter-output>
        </test-method> <!-- testCase2 -->
      </class> <!-- org.testing.TestScripts.TC2 -->
      <class name="org.testing.TestScripts.TC1">
        <test-method status="PASS" signature="testCase1()[pri:0, instance:org.testing.TestScripts.TC1@75f9eccc]" name="testCase1" duration-ms="1151" started-at="2021-12-26T19:48:23Z" finished-at="2021-12-26T19:48:24Z">
          <reporter-output>
          </reporter-output>
        </test-method> <!-- testCase1 -->
      </class> <!-- org.testing.TestScripts.TC1 -->
    </test> <!-- Test -->
  </suite> <!-- Suite -->
</testng-results>
