<?xml version="1.0" encoding="UTF-8"?>
<!-- Generated by org.testng.reporters.JUnitXMLReporter -->
<testsuite hostname="LAPTOP-ALVRLO6C" ignored="0" name="Test" tests="4" failures="0" timestamp="26 Dec 2021 14:18:24 GMT" time="1.646" errors="0">
  <testcase name="testCase1" time="1.151" classname="org.testing.TestScripts.TC1"/>
  <testcase name="testCase2" time="0.368" classname="org.testing.TestScripts.TC2"/>
  <testcase name="testCase3" time="0.048" classname="org.testing.TestScripts.TC3"/>
  <testcase name="testCase4" time="0.054" classname="org.testing.TestScripts.TC4"/>
</testsuite> <!-- Test -->
